# JRE version: OpenJDK Runtime Environment AdoptOpenJDK (11.0.8+10) (build 11.0.8+10)
# Java VM: OpenJDK 64-Bit Server VM AdoptOpenJDK (11.0.8+10, mixed mode, tiered, compressed oops, g1 gc, linux-amd64)
Heap:
 garbage-first heap   total 122880K, used 20295K [0x0000000089200000, 0x0000000100000000)
  region size 1024K, 21 young (21504K), 2 survivors (2048K)
 Metaspace       used 9126K, capacity 9384K, committed 9728K, reserved 1058816K
  class space    used 854K, capacity 956K, committed 1024K, reserved 1048576K
GC Heap History (8 events):
Event: 14.389 GC heap before
{Heap before GC invocations=0 (full 0):
 garbage-first heap   total 122880K, used 24576K [0x0000000089200000, 0x0000000100000000)
  region size 1024K, 24 young (24576K), 0 survivors (0K)
 Metaspace       used 8805K, capacity 9062K, committed 9216K, reserved 1056768K
  class space    used 845K, capacity 956K, committed 1024K, reserved 1048576K
}
Event: 14.394 GC heap after
{Heap after GC invocations=1 (full 0):
 garbage-first heap   total 122880K, used 1785K [0x0000000089200000, 0x0000000100000000)
  region size 1024K, 2 young (2048K), 2 survivors (2048K)
 Metaspace       used 8805K, capacity 9062K, committed 9216K, reserved 1056768K
  class space    used 845K, capacity 956K, committed 1024K, reserved 1048576K
}
Event: 71.569 GC heap before
{Heap before GC invocations=1 (full 0):
 garbage-first heap   total 122880K, used 73465K [0x0000000089200000, 0x0000000100000000)
  region size 1024K, 72 young (73728K), 2 survivors (2048K)
 Metaspace       used 9098K, capacity 9320K, committed 9728K, reserved 1058816K
  class space    used 854K, capacity 956K, committed 1024K, reserved 1048576K
}
Event: 71.575 GC heap after
{Heap after GC invocations=2 (full 0):
 garbage-first heap   total 122880K, used 1904K [0x0000000089200000, 0x0000000100000000)
  region size 1024K, 2 young (2048K), 2 survivors (2048K)
 Metaspace       used 9098K, capacity 9320K, committed 9728K, reserved 1058816K
  class space    used 854K, capacity 956K, committed 1024K, reserved 1048576K
}
Event: 119.689 GC heap before
{Heap before GC invocations=2 (full 0):
 garbage-first heap   total 122880K, used 73584K [0x0000000089200000, 0x0000000100000000)
  region size 1024K, 72 young (73728K), 2 survivors (2048K)
 Metaspace       used 9120K, capacity 9384K, committed 9728K, reserved 1058816K
  class space    used 854K, capacity 956K, committed 1024K, reserved 1048576K
}
Event: 119.693 GC heap after
{Heap after GC invocations=3 (full 0):
 garbage-first heap   total 122880K, used 1861K [0x0000000089200000, 0x0000000100000000)
  region size 1024K, 2 young (2048K), 2 survivors (2048K)
 Metaspace       used 9120K, capacity 9384K, committed 9728K, reserved 1058816K
  class space    used 854K, capacity 956K, committed 1024K, reserved 1048576K
}
Event: 157.869 GC heap before
{Heap before GC invocations=3 (full 0):
 garbage-first heap   total 122880K, used 73541K [0x0000000089200000, 0x0000000100000000)
  region size 1024K, 72 young (73728K), 2 survivors (2048K)
 Metaspace       used 9123K, capacity 9384K, committed 9728K, reserved 1058816K
  class space    used 854K, capacity 956K, committed 1024K, reserved 1048576K
}
Event: 157.871 GC heap after
{Heap after GC invocations=4 (full 0):
 garbage-first heap   total 122880K, used 1863K [0x0000000089200000, 0x0000000100000000)
  region size 1024K, 2 young (2048K), 2 survivors (2048K)
 Metaspace       used 9123K, capacity 9384K, committed 9728K, reserved 1058816K
  class space    used 854K, capacity 956K, committed 1024K, reserved 1048576K
}

